The following modules were not unloaded:
  (Use "module --force purge" to unload all):

  1) 2023.01   2) StdEnv
Requirement already satisfied: torch>=1.13.0 in /home1/s4680340/BSc-Thesis/BscThesisvenv/lib/python3.9/site-packages (from -r /home1/s4680340/BSc-Thesis/Thesis/requirements.txt (line 1)) (2.5.1)
Requirement already satisfied: numpy>=1.26.2 in /home1/s4680340/BSc-Thesis/BscThesisvenv/lib/python3.9/site-packages (from -r /home1/s4680340/BSc-Thesis/Thesis/requirements.txt (line 2)) (2.0.2)
Requirement already satisfied: h5py>=3.10.0 in /home1/s4680340/BSc-Thesis/BscThesisvenv/lib/python3.9/site-packages (from -r /home1/s4680340/BSc-Thesis/Thesis/requirements.txt (line 3)) (3.12.1)
Requirement already satisfied: validators>=0.22.0 in /home1/s4680340/BSc-Thesis/BscThesisvenv/lib/python3.9/site-packages (from -r /home1/s4680340/BSc-Thesis/Thesis/requirements.txt (line 4)) (0.34.0)
Requirement already satisfied: tqdm>=4.66.1 in /home1/s4680340/BSc-Thesis/BscThesisvenv/lib/python3.9/site-packages (from -r /home1/s4680340/BSc-Thesis/Thesis/requirements.txt (line 5)) (4.67.1)
Requirement already satisfied: colorama>=0.4.6 in /home1/s4680340/BSc-Thesis/BscThesisvenv/lib/python3.9/site-packages (from -r /home1/s4680340/BSc-Thesis/Thesis/requirements.txt (line 6)) (0.4.6)
Requirement already satisfied: matplotlib>=3.4.3 in /home1/s4680340/BSc-Thesis/BscThesisvenv/lib/python3.9/site-packages (from -r /home1/s4680340/BSc-Thesis/Thesis/requirements.txt (line 7)) (3.9.3)
Requirement already satisfied: pandas>=1.3.3 in /home1/s4680340/BSc-Thesis/BscThesisvenv/lib/python3.9/site-packages (from -r /home1/s4680340/BSc-Thesis/Thesis/requirements.txt (line 8)) (2.2.3)
Requirement already satisfied: scipy>=1.7.1 in /home1/s4680340/BSc-Thesis/BscThesisvenv/lib/python3.9/site-packages (from -r /home1/s4680340/BSc-Thesis/Thesis/requirements.txt (line 9)) (1.13.1)
Requirement already satisfied: scikit-learn>=0.24.2 in /home1/s4680340/BSc-Thesis/BscThesisvenv/lib/python3.9/site-packages (from -r /home1/s4680340/BSc-Thesis/Thesis/requirements.txt (line 10)) (1.6.0)
Requirement already satisfied: filelock in /home1/s4680340/BSc-Thesis/BscThesisvenv/lib/python3.9/site-packages (from torch>=1.13.0->-r /home1/s4680340/BSc-Thesis/Thesis/requirements.txt (line 1)) (3.16.1)
Requirement already satisfied: typing-extensions>=4.8.0 in /home1/s4680340/BSc-Thesis/BscThesisvenv/lib/python3.9/site-packages (from torch>=1.13.0->-r /home1/s4680340/BSc-Thesis/Thesis/requirements.txt (line 1)) (4.12.2)
Requirement already satisfied: networkx in /home1/s4680340/BSc-Thesis/BscThesisvenv/lib/python3.9/site-packages (from torch>=1.13.0->-r /home1/s4680340/BSc-Thesis/Thesis/requirements.txt (line 1)) (3.2.1)
Requirement already satisfied: jinja2 in /home1/s4680340/BSc-Thesis/BscThesisvenv/lib/python3.9/site-packages (from torch>=1.13.0->-r /home1/s4680340/BSc-Thesis/Thesis/requirements.txt (line 1)) (3.1.4)
Requirement already satisfied: fsspec in /home1/s4680340/BSc-Thesis/BscThesisvenv/lib/python3.9/site-packages (from torch>=1.13.0->-r /home1/s4680340/BSc-Thesis/Thesis/requirements.txt (line 1)) (2024.10.0)
Requirement already satisfied: nvidia-cuda-nvrtc-cu12==12.4.127 in /home1/s4680340/BSc-Thesis/BscThesisvenv/lib/python3.9/site-packages (from torch>=1.13.0->-r /home1/s4680340/BSc-Thesis/Thesis/requirements.txt (line 1)) (12.4.127)
Requirement already satisfied: nvidia-cuda-runtime-cu12==12.4.127 in /home1/s4680340/BSc-Thesis/BscThesisvenv/lib/python3.9/site-packages (from torch>=1.13.0->-r /home1/s4680340/BSc-Thesis/Thesis/requirements.txt (line 1)) (12.4.127)
Requirement already satisfied: nvidia-cuda-cupti-cu12==12.4.127 in /home1/s4680340/BSc-Thesis/BscThesisvenv/lib/python3.9/site-packages (from torch>=1.13.0->-r /home1/s4680340/BSc-Thesis/Thesis/requirements.txt (line 1)) (12.4.127)
Requirement already satisfied: nvidia-cudnn-cu12==9.1.0.70 in /home1/s4680340/BSc-Thesis/BscThesisvenv/lib/python3.9/site-packages (from torch>=1.13.0->-r /home1/s4680340/BSc-Thesis/Thesis/requirements.txt (line 1)) (9.1.0.70)
Requirement already satisfied: nvidia-cublas-cu12==12.4.5.8 in /home1/s4680340/BSc-Thesis/BscThesisvenv/lib/python3.9/site-packages (from torch>=1.13.0->-r /home1/s4680340/BSc-Thesis/Thesis/requirements.txt (line 1)) (12.4.5.8)
Requirement already satisfied: nvidia-cufft-cu12==11.2.1.3 in /home1/s4680340/BSc-Thesis/BscThesisvenv/lib/python3.9/site-packages (from torch>=1.13.0->-r /home1/s4680340/BSc-Thesis/Thesis/requirements.txt (line 1)) (11.2.1.3)
Requirement already satisfied: nvidia-curand-cu12==10.3.5.147 in /home1/s4680340/BSc-Thesis/BscThesisvenv/lib/python3.9/site-packages (from torch>=1.13.0->-r /home1/s4680340/BSc-Thesis/Thesis/requirements.txt (line 1)) (10.3.5.147)
Requirement already satisfied: nvidia-cusolver-cu12==11.6.1.9 in /home1/s4680340/BSc-Thesis/BscThesisvenv/lib/python3.9/site-packages (from torch>=1.13.0->-r /home1/s4680340/BSc-Thesis/Thesis/requirements.txt (line 1)) (11.6.1.9)
Requirement already satisfied: nvidia-cusparse-cu12==12.3.1.170 in /home1/s4680340/BSc-Thesis/BscThesisvenv/lib/python3.9/site-packages (from torch>=1.13.0->-r /home1/s4680340/BSc-Thesis/Thesis/requirements.txt (line 1)) (12.3.1.170)
Requirement already satisfied: nvidia-nccl-cu12==2.21.5 in /home1/s4680340/BSc-Thesis/BscThesisvenv/lib/python3.9/site-packages (from torch>=1.13.0->-r /home1/s4680340/BSc-Thesis/Thesis/requirements.txt (line 1)) (2.21.5)
Requirement already satisfied: nvidia-nvtx-cu12==12.4.127 in /home1/s4680340/BSc-Thesis/BscThesisvenv/lib/python3.9/site-packages (from torch>=1.13.0->-r /home1/s4680340/BSc-Thesis/Thesis/requirements.txt (line 1)) (12.4.127)
Requirement already satisfied: nvidia-nvjitlink-cu12==12.4.127 in /home1/s4680340/BSc-Thesis/BscThesisvenv/lib/python3.9/site-packages (from torch>=1.13.0->-r /home1/s4680340/BSc-Thesis/Thesis/requirements.txt (line 1)) (12.4.127)
Requirement already satisfied: triton==3.1.0 in /home1/s4680340/BSc-Thesis/BscThesisvenv/lib/python3.9/site-packages (from torch>=1.13.0->-r /home1/s4680340/BSc-Thesis/Thesis/requirements.txt (line 1)) (3.1.0)
Requirement already satisfied: sympy==1.13.1 in /home1/s4680340/BSc-Thesis/BscThesisvenv/lib/python3.9/site-packages (from torch>=1.13.0->-r /home1/s4680340/BSc-Thesis/Thesis/requirements.txt (line 1)) (1.13.1)
Requirement already satisfied: mpmath<1.4,>=1.1.0 in /home1/s4680340/BSc-Thesis/BscThesisvenv/lib/python3.9/site-packages (from sympy==1.13.1->torch>=1.13.0->-r /home1/s4680340/BSc-Thesis/Thesis/requirements.txt (line 1)) (1.3.0)
Requirement already satisfied: contourpy>=1.0.1 in /home1/s4680340/BSc-Thesis/BscThesisvenv/lib/python3.9/site-packages (from matplotlib>=3.4.3->-r /home1/s4680340/BSc-Thesis/Thesis/requirements.txt (line 7)) (1.3.0)
Requirement already satisfied: cycler>=0.10 in /home1/s4680340/BSc-Thesis/BscThesisvenv/lib/python3.9/site-packages (from matplotlib>=3.4.3->-r /home1/s4680340/BSc-Thesis/Thesis/requirements.txt (line 7)) (0.12.1)
Requirement already satisfied: fonttools>=4.22.0 in /home1/s4680340/BSc-Thesis/BscThesisvenv/lib/python3.9/site-packages (from matplotlib>=3.4.3->-r /home1/s4680340/BSc-Thesis/Thesis/requirements.txt (line 7)) (4.55.3)
Requirement already satisfied: kiwisolver>=1.3.1 in /home1/s4680340/BSc-Thesis/BscThesisvenv/lib/python3.9/site-packages (from matplotlib>=3.4.3->-r /home1/s4680340/BSc-Thesis/Thesis/requirements.txt (line 7)) (1.4.7)
Requirement already satisfied: packaging>=20.0 in /home1/s4680340/BSc-Thesis/BscThesisvenv/lib/python3.9/site-packages (from matplotlib>=3.4.3->-r /home1/s4680340/BSc-Thesis/Thesis/requirements.txt (line 7)) (24.2)
Requirement already satisfied: pillow>=8 in /home1/s4680340/BSc-Thesis/BscThesisvenv/lib/python3.9/site-packages (from matplotlib>=3.4.3->-r /home1/s4680340/BSc-Thesis/Thesis/requirements.txt (line 7)) (11.0.0)
Requirement already satisfied: pyparsing>=2.3.1 in /home1/s4680340/BSc-Thesis/BscThesisvenv/lib/python3.9/site-packages (from matplotlib>=3.4.3->-r /home1/s4680340/BSc-Thesis/Thesis/requirements.txt (line 7)) (3.2.0)
Requirement already satisfied: python-dateutil>=2.7 in /home1/s4680340/BSc-Thesis/BscThesisvenv/lib/python3.9/site-packages (from matplotlib>=3.4.3->-r /home1/s4680340/BSc-Thesis/Thesis/requirements.txt (line 7)) (2.9.0.post0)
Requirement already satisfied: importlib-resources>=3.2.0 in /home1/s4680340/BSc-Thesis/BscThesisvenv/lib/python3.9/site-packages (from matplotlib>=3.4.3->-r /home1/s4680340/BSc-Thesis/Thesis/requirements.txt (line 7)) (6.4.5)
Requirement already satisfied: pytz>=2020.1 in /home1/s4680340/BSc-Thesis/BscThesisvenv/lib/python3.9/site-packages (from pandas>=1.3.3->-r /home1/s4680340/BSc-Thesis/Thesis/requirements.txt (line 8)) (2024.2)
Requirement already satisfied: tzdata>=2022.7 in /home1/s4680340/BSc-Thesis/BscThesisvenv/lib/python3.9/site-packages (from pandas>=1.3.3->-r /home1/s4680340/BSc-Thesis/Thesis/requirements.txt (line 8)) (2024.2)
Requirement already satisfied: joblib>=1.2.0 in /home1/s4680340/BSc-Thesis/BscThesisvenv/lib/python3.9/site-packages (from scikit-learn>=0.24.2->-r /home1/s4680340/BSc-Thesis/Thesis/requirements.txt (line 10)) (1.4.2)
Requirement already satisfied: threadpoolctl>=3.1.0 in /home1/s4680340/BSc-Thesis/BscThesisvenv/lib/python3.9/site-packages (from scikit-learn>=0.24.2->-r /home1/s4680340/BSc-Thesis/Thesis/requirements.txt (line 10)) (3.5.0)
Requirement already satisfied: zipp>=3.1.0 in /home1/s4680340/BSc-Thesis/BscThesisvenv/lib/python3.9/site-packages (from importlib-resources>=3.2.0->matplotlib>=3.4.3->-r /home1/s4680340/BSc-Thesis/Thesis/requirements.txt (line 7)) (3.21.0)
Requirement already satisfied: six>=1.5 in /home1/s4680340/BSc-Thesis/BscThesisvenv/lib/python3.9/site-packages (from python-dateutil>=2.7->matplotlib>=3.4.3->-r /home1/s4680340/BSc-Thesis/Thesis/requirements.txt (line 7)) (1.17.0)
Requirement already satisfied: MarkupSafe>=2.0 in /home1/s4680340/BSc-Thesis/BscThesisvenv/lib/python3.9/site-packages (from jinja2->torch>=1.13.0->-r /home1/s4680340/BSc-Thesis/Thesis/requirements.txt (line 1)) (3.0.2)
SDK_PATH: /home1/s4680340/BSc-Thesis/Thesis
Traceback (most recent call last):
  File "/home1/s4680340/BSc-Thesis/Thesis/modelAudio.py", line 21, in <module>
    from SingleEncoderModelAudio import SingleEncoderModelAudio
  File "/home1/s4680340/BSc-Thesis/Thesis/SingleEncoderModelAudio.py", line 4, in <module>
    from torch.utils.tensorboard import SummaryWriter
  File "/home1/s4680340/BSc-Thesis/BscThesisvenv/lib/python3.9/site-packages/torch/utils/tensorboard/__init__.py", line 1, in <module>
    import tensorboard
ModuleNotFoundError: No module named 'tensorboard'

###############################################################################
H치br칩k Cluster
Job 14202540 for user s4680340
Finished at: Wed Dec 11 22:40:36 CET 2024

Job details:
============

Job ID                         : 14202540
Name                           : jobscript.sh
User                           : s4680340
Partition                      : regularshort
Nodes                          : node10
Number of Nodes                : 1
Cores                          : 4
Number of Tasks                : 1
State                          : FAILED  
Submit                         : 2024-12-11T22:40:21
Start                          : 2024-12-11T22:40:22
End                            : 2024-12-11T22:40:33
Reserved walltime              : 00:20:00
Used walltime                  : 00:00:11
Used CPU time                  : 00:00:07 (Efficiency: 16.07%)
% User (Computation)           : 84.58%
% System (I/O)                 : 15.41%
Total memory reserved          : 16G
Maximum memory used            : 0.00 

Acknowledgements:
=================

Please see this page for information about acknowledging H치br칩k in your publications:

https://wiki.hpc.rug.nl/habrok/introduction/scientific_output

################################################################################
